[md2segments] output already exists — skipping
[oracle_ask] pending: 4
[oracle_ask] tagged angel-flakes-md 001
[oracle_ask] tagged angels-and-creatures-of-the-night-md 001
[oracle_ask] tagged anna-played-piana-md 001
[oracle_ask] tagged apollos-virgin-md 001
[reply_merge] merged segments: 14
[rotate_merged]
  merged rows: 14
  new train pairs: 13
  skipped (non-seq): 13
  old train: 5
  old valid: 5
  → new valid: 10
[lora_train]
  train rows: 13
  valid rows: 10
[lora_train] MLX args: {
  train: null,
  model: 'TinyLlama/TinyLlama-1.1B-Chat-v1.0',
  data: 'loraland',
  'adapter-path': 'loraland/adapter',
  'batch-size': 1,
  iters: 200,
  'max-seq-length': 1024,
  'learning-rate': 0.00005
}
=== GENERATION ===
{ prompt: 'we went to Portland and this happened' }

--- model output ---

==========
{{{author:My friend Southwick says he channeled this from the Akashic Records -- I think it has a message for our times in here somewhere.}}}

friend, I am Amenea, I am the seer of the Temple of Apollo in a town three days ride from Thebes. I have devoted my existence to Apollo since my parents were cursed. They had sickness and poverty and cruel masters.

With my sacrifice to the temple, Apollo gave them release: Afterwards, they flourished as traders, surely that is the mark of the approval of Apollo. They have been steadfast in their offerings to my temple.

I had been a temple virgin for many years. I thank Apollo for restoring my innocence 1000 times and more. Apollo requires great sacrifice on the part of the adherents, you know. That is proper. Apollo has seen fit to allow me to open my womb to four new souls, although only two survive. These grace-filled two are steadfast in their observation of Apollo’s rules. They are both carrying on Apollo’s work in the land beyond the highest mountains of Persia.

For you, friend, my trusted friend, you need to know this --

I have been the high priestess here for the last 15 years. I have earned my position only by the total surrender to Apollo. For the first time 200 years, this temple has a high priestess that has given sight to Apollo. Yes, I have given my sight to Apollo. I have gazed into our sun. Repeatedly. I wanted to behold Apollo, and Apollo has shown me the world beyond the world. My worldly eyes are freely given to you, Apollo, for the gift of truly knowing who you are.

The hours of pain and the days of darkness have only allowed me to see more clearly: I have received the answer to many of the questions that prevented me from allowing the true nature of reality to be known. I would want you, friend, to know that before we proceed.

I have not done this under duress. I freely give myself to the greater good that Apollo has offered me in return.

I am writing you at Apollo's great strength, in June, when the rays are most potent with this most potent opportunity: One of Apollo’s supporters with your same surname has died recently in our temple and his entire holdings are, at this moment: 3500 goats, 5300 cattle, 15,000 cubits of grain and 1450 hectares of fertile river bottom land, which only 350 hectares is ever flooded.

Alas, his entire estate is waiting for someone to claim it. I appeal to you as someone with the same surname to allow the wisdom of Apollo to fill your days and lives to come forward and claim your prize.

Since I am sightless, I would wish you to declare your intentions to carry through the good work of our righteousness and strength: Apollo.

Please reply by sending your replies to htttp://I am so gullible.com/

Strength and Light given to you my friend in bliss.

Amenea
==========
Prompt: 20 tokens, 201.380 tokens-per-sec
Generation: 735 tokens, 39.754 tokens-per-sec
Peak memory: 2.273 GB


=== 🌟 Pipeline finished (final: md2segments, oracle_ask, reply_merge, rotate_merged, lora_train, talk_story) ===
