[md2segments] stories: 311 segments: 311
[oracle_ask] pending: 4
[oracle_ask] tagged a-hurricane-is-brewin-md 001
[oracle_ask] tagged a-week-of-false-starts-md 001
[oracle_ask] tagged aloha-oe-to-something-md 001
[oracle_ask] tagged and-the-pursuit-of-happiness-md 001
[reply_merge] merged segments: 6
[rotate_merged]
  merged rows: 6
  new train pairs: 5
  skipped (non-seq): 5
  old train: 0
  old valid: 0
  → new valid: 5
[lora_train]
  train rows: 5
  valid rows: 5
[lora_train] MLX args: {
  train: null,
  model: 'TinyLlama/TinyLlama-1.1B-Chat-v1.0',
  data: 'loraland',
  'adapter-path': 'loraland/adapter',
  'batch-size': 1,
  iters: 200,
  'max-seq-length': 1024,
  'learning-rate': 0.00005
}
=== GENERATION ===
{ prompt: 'we went to Portland and this happened' }

--- model output ---

==========
friend, my closest friends have lamented that I m not telling MY story. What s happening in Jim s life? While the details are incredibly boring, Not Safe For Work (NSFW), and would simply be indiscrete to mention here, I can give you a pretty accurate view of whassup!? So while The St. John's Lighthouse is me telling the story of St. John's, I thought I'd mention what St. John's most famous citizen (me) is up to.

I m sitting in the James John Cafe, Suzanne delivers my exquisite entree and says Sorry for the wait. 

Southwick falls from the ceiling, dusts himself off and misquotes Yoda sideways: No, there is no wait. Only enjoy. Enjoy or Enjoy NOT. That s one s an easy choice at the James John Cafe.

I m enjoying the beets and horseradish. I have just finished rereading Tom Robbins Jitterbug Perfume and seemingly, beets are everywhere. But what else do I do with my time?

I spend much of my time distilling reality. I do that with reflection, introspection, observation, and writing. Why? How? Hmmm. It s that Life, Liberty and the Pursuit of Happiness thing.

LIfe, liberty, and the pursuit of happiness. Nice. not much overlap among these concepts. That s intelligent. It shows an underlying passion for clarity and completeness in the service of enlightenment. That s why we love Ben Franklin and Thomas Jefferson.

But let s not forget Domestic Tranquillity.

Mighty nice, Mr. Furriner from Australia, sewing such seeds of domestic discord as your Fox Gnus does. Maybe you could learn from another Furriner, who seems to ooze domestic tranquility, if not total prosperity for the state of California.

Mr. Mega-corpo-politician, is it simply more profitable to sew and harvest discord than sanity? That's just sad.

And, by the way, when you are being domestic, be also tranquil. OK, {{{first Name}}}?

Life: That has to do with protection, health, safety, food supply.

Speaking of Food Supply, protection and such: Southwick says Tommy put workman s overalls on 6 foot amoeba. Tried to get the thing served at the Food Carts. Tommy has evidently been using the Storage Center as a safe-house for amoeba s.

Liberty: That has to do with friend-created choices and the ability to follow through with those choices.

Bambi Brew over at the City Council affirms that the businesses do have the liberty to refuse service to these ungodly amoebas. St. John s is amoeba free! 

Pursuit of Happiness: Pursuit an ongoing goal directed action. Happiness. Specifically, deliberately, understandably vague. Who knows what the heck it is? We all know what may make ourselves happy, or at least we think we do. But we can only guess at what might make someone else happy. Who knows what is your Happiness? I've got the answer right here: Lemme look this up... Oh, here it is it's, umm, friend . I'm sure you've met.

Tommy is also Pursuing Happiness with the ladies who run
==========
Prompt: 20 tokens, 198.669 tokens-per-sec
Generation: 800 tokens, 39.910 tokens-per-sec
Peak memory: 2.275 GB


=== 🌟 Pipeline finished (final: md2segments, oracle_ask, reply_merge, rotate_merged, lora_train, talk_story) ===
