[md2segments] output already exists — skipping
[oracle_ask] pending: 4
[oracle_ask] tagged tommy-believes-in-magic-md 001
[oracle_ask] tagged tommy-or-recycles-md 001
[oracle_ask] tagged tommy-starts-a-bed-and-breakfast-md 001
[oracle_ask] tagged tommys-web-catches-steven-and-bambi-md 001
[reply_merge] merged segments: 262
[rotate_merged]
  merged rows: 262
  new train pairs: 261
  skipped (non-seq): 261
  old train: 253
  old valid: 3880
  → new valid: 4133
[lora_train]
  train rows: 261
  valid rows: 4133
[lora_train] MLX args: {
  train: null,
  model: 'TinyLlama/TinyLlama-1.1B-Chat-v1.0',
  data: 'loraland',
  'adapter-path': 'loraland/adapter',
  'batch-size': 1,
  iters: 200,
  'max-seq-length': 1024,
  'learning-rate': 0.00005
}
